Determining if files dev/ppbus/ppi.h;dev/ppbus/ppbconf.h exist failed with the following output:
Change Dir: /home/pi/github/yasdr/src/wsjtx-2.6.1/build/wsjtx-prefix/src/wsjtx-build/CMakeFiles/CMakeTmp

Run Build Command(s):/usr/bin/gmake cmTC_d3f40/fast && gmake[3]: Entering directory '/home/pi/GitHub/yasdr/src/wsjtx-2.6.1/build/wsjtx-prefix/src/wsjtx-build/CMakeFiles/CMakeTmp'
/usr/bin/gmake  -f CMakeFiles/cmTC_d3f40.dir/build.make CMakeFiles/cmTC_d3f40.dir/build
gmake[4]: Entering directory '/home/pi/GitHub/yasdr/src/wsjtx-2.6.1/build/wsjtx-prefix/src/wsjtx-build/CMakeFiles/CMakeTmp'
Building C object CMakeFiles/cmTC_d3f40.dir/HAVE_DEV_PPBUS_PPI_H.c.o
/usr/bin/cc    -o CMakeFiles/cmTC_d3f40.dir/HAVE_DEV_PPBUS_PPI_H.c.o -c /home/pi/github/yasdr/src/wsjtx-2.6.1/build/wsjtx-prefix/src/wsjtx-build/CMakeFiles/CheckIncludeFiles/HAVE_DEV_PPBUS_PPI_H.c
/home/pi/github/yasdr/src/wsjtx-2.6.1/build/wsjtx-prefix/src/wsjtx-build/CMakeFiles/CheckIncludeFiles/HAVE_DEV_PPBUS_PPI_H.c:2:10: fatal error: dev/ppbus/ppi.h: No such file or directory
    2 | #include <dev/ppbus/ppi.h>
      |          ^~~~~~~~~~~~~~~~~
compilation terminated.
gmake[4]: *** [CMakeFiles/cmTC_d3f40.dir/build.make:85: CMakeFiles/cmTC_d3f40.dir/HAVE_DEV_PPBUS_PPI_H.c.o] Error 1
gmake[4]: Leaving directory '/home/pi/GitHub/yasdr/src/wsjtx-2.6.1/build/wsjtx-prefix/src/wsjtx-build/CMakeFiles/CMakeTmp'
gmake[3]: *** [Makefile:140: cmTC_d3f40/fast] Error 2
gmake[3]: Leaving directory '/home/pi/GitHub/yasdr/src/wsjtx-2.6.1/build/wsjtx-prefix/src/wsjtx-build/CMakeFiles/CMakeTmp'


Source:
/* */
#include <dev/ppbus/ppi.h>
#include <dev/ppbus/ppbconf.h>


int main(void){return 0;}

Performing C SOURCE FILE Test HAVE_MATH failed with the following output:
Change Dir: /home/pi/github/yasdr/src/wsjtx-2.6.1/build/wsjtx-prefix/src/wsjtx-build/CMakeFiles/CMakeTmp

Run Build Command(s):/usr/bin/gmake cmTC_103c9/fast && gmake[3]: Entering directory '/home/pi/GitHub/yasdr/src/wsjtx-2.6.1/build/wsjtx-prefix/src/wsjtx-build/CMakeFiles/CMakeTmp'
/usr/bin/gmake  -f CMakeFiles/cmTC_103c9.dir/build.make CMakeFiles/cmTC_103c9.dir/build
gmake[4]: Entering directory '/home/pi/GitHub/yasdr/src/wsjtx-2.6.1/build/wsjtx-prefix/src/wsjtx-build/CMakeFiles/CMakeTmp'
Building C object CMakeFiles/cmTC_103c9.dir/src.c.o
/usr/bin/cc   -DHAVE_MATH -o CMakeFiles/cmTC_103c9.dir/src.c.o -c /home/pi/github/yasdr/src/wsjtx-2.6.1/build/wsjtx-prefix/src/wsjtx-build/CMakeFiles/CMakeTmp/src.c
Linking C executable cmTC_103c9
/usr/bin/cmake -E cmake_link_script CMakeFiles/cmTC_103c9.dir/link.txt --verbose=1
/usr/bin/cc  -DHAVE_MATH CMakeFiles/cmTC_103c9.dir/src.c.o -o cmTC_103c9 
/usr/bin/ld: CMakeFiles/cmTC_103c9.dir/src.c.o: in function `main':
src.c:(.text+0x18): undefined reference to `sqrt'
collect2: error: ld returned 1 exit status
gmake[4]: *** [CMakeFiles/cmTC_103c9.dir/build.make:106: cmTC_103c9] Error 1
gmake[4]: Leaving directory '/home/pi/GitHub/yasdr/src/wsjtx-2.6.1/build/wsjtx-prefix/src/wsjtx-build/CMakeFiles/CMakeTmp'
gmake[3]: *** [Makefile:140: cmTC_103c9/fast] Error 2
gmake[3]: Leaving directory '/home/pi/GitHub/yasdr/src/wsjtx-2.6.1/build/wsjtx-prefix/src/wsjtx-build/CMakeFiles/CMakeTmp'


Source file was:
#include<math.h>
float f; int main(){sqrt(f);return 0;}
Performing C SOURCE FILE Test CMAKE_HAVE_LIBC_PTHREAD failed with the following output:
Change Dir: /home/pi/github/yasdr/src/wsjtx-2.6.1/build/wsjtx-prefix/src/wsjtx-build/CMakeFiles/CMakeTmp

Run Build Command(s):/usr/bin/gmake cmTC_f117d/fast && gmake[3]: Entering directory '/home/pi/GitHub/yasdr/src/wsjtx-2.6.1/build/wsjtx-prefix/src/wsjtx-build/CMakeFiles/CMakeTmp'
/usr/bin/gmake  -f CMakeFiles/cmTC_f117d.dir/build.make CMakeFiles/cmTC_f117d.dir/build
gmake[4]: Entering directory '/home/pi/GitHub/yasdr/src/wsjtx-2.6.1/build/wsjtx-prefix/src/wsjtx-build/CMakeFiles/CMakeTmp'
Building C object CMakeFiles/cmTC_f117d.dir/src.c.o
/usr/bin/cc   -DCMAKE_HAVE_LIBC_PTHREAD -o CMakeFiles/cmTC_f117d.dir/src.c.o -c /home/pi/github/yasdr/src/wsjtx-2.6.1/build/wsjtx-prefix/src/wsjtx-build/CMakeFiles/CMakeTmp/src.c
Linking C executable cmTC_f117d
/usr/bin/cmake -E cmake_link_script CMakeFiles/cmTC_f117d.dir/link.txt --verbose=1
/usr/bin/cc  -DCMAKE_HAVE_LIBC_PTHREAD CMakeFiles/cmTC_f117d.dir/src.c.o -o cmTC_f117d 
/usr/bin/ld: CMakeFiles/cmTC_f117d.dir/src.c.o: in function `main':
src.c:(.text+0x34): undefined reference to `pthread_create'
/usr/bin/ld: src.c:(.text+0x3c): undefined reference to `pthread_detach'
/usr/bin/ld: src.c:(.text+0x44): undefined reference to `pthread_cancel'
/usr/bin/ld: src.c:(.text+0x50): undefined reference to `pthread_join'
collect2: error: ld returned 1 exit status
gmake[4]: *** [CMakeFiles/cmTC_f117d.dir/build.make:106: cmTC_f117d] Error 1
gmake[4]: Leaving directory '/home/pi/GitHub/yasdr/src/wsjtx-2.6.1/build/wsjtx-prefix/src/wsjtx-build/CMakeFiles/CMakeTmp'
gmake[3]: *** [Makefile:140: cmTC_f117d/fast] Error 2
gmake[3]: Leaving directory '/home/pi/GitHub/yasdr/src/wsjtx-2.6.1/build/wsjtx-prefix/src/wsjtx-build/CMakeFiles/CMakeTmp'


Source file was:
#include <pthread.h>

void* test_func(void* data)
{
  return data;
}

int main(void)
{
  pthread_t thread;
  pthread_create(&thread, NULL, test_func, NULL);
  pthread_detach(thread);
  pthread_cancel(thread);
  pthread_join(thread, NULL);
  pthread_atfork(NULL, NULL, NULL);
  pthread_exit(NULL);

  return 0;
}

Determining if the function pthread_create exists in the pthreads failed with the following output:
Change Dir: /home/pi/github/yasdr/src/wsjtx-2.6.1/build/wsjtx-prefix/src/wsjtx-build/CMakeFiles/CMakeTmp

Run Build Command(s):/usr/bin/gmake cmTC_80c93/fast && gmake[3]: Entering directory '/home/pi/GitHub/yasdr/src/wsjtx-2.6.1/build/wsjtx-prefix/src/wsjtx-build/CMakeFiles/CMakeTmp'
/usr/bin/gmake  -f CMakeFiles/cmTC_80c93.dir/build.make CMakeFiles/cmTC_80c93.dir/build
gmake[4]: Entering directory '/home/pi/GitHub/yasdr/src/wsjtx-2.6.1/build/wsjtx-prefix/src/wsjtx-build/CMakeFiles/CMakeTmp'
Building C object CMakeFiles/cmTC_80c93.dir/CheckFunctionExists.c.o
/usr/bin/cc   -DCHECK_FUNCTION_EXISTS=pthread_create -o CMakeFiles/cmTC_80c93.dir/CheckFunctionExists.c.o -c /usr/share/cmake-3.18/Modules/CheckFunctionExists.c
Linking C executable cmTC_80c93
/usr/bin/cmake -E cmake_link_script CMakeFiles/cmTC_80c93.dir/link.txt --verbose=1
/usr/bin/cc  -DCHECK_FUNCTION_EXISTS=pthread_create CMakeFiles/cmTC_80c93.dir/CheckFunctionExists.c.o -o cmTC_80c93  -lpthreads 
/usr/bin/ld: cannot find -lpthreads
collect2: error: ld returned 1 exit status
gmake[4]: *** [CMakeFiles/cmTC_80c93.dir/build.make:106: cmTC_80c93] Error 1
gmake[4]: Leaving directory '/home/pi/GitHub/yasdr/src/wsjtx-2.6.1/build/wsjtx-prefix/src/wsjtx-build/CMakeFiles/CMakeTmp'
gmake[3]: *** [Makefile:140: cmTC_80c93/fast] Error 2
gmake[3]: Leaving directory '/home/pi/GitHub/yasdr/src/wsjtx-2.6.1/build/wsjtx-prefix/src/wsjtx-build/CMakeFiles/CMakeTmp'



Determining size of CACHE_ALL failed with the following output:
Change Dir: /home/pi/github/yasdr/src/wsjtx-2.6.1/build/wsjtx-prefix/src/wsjtx-build/CMakeFiles/CMakeTmp

Run Build Command(s):/usr/bin/gmake cmTC_55383/fast && gmake[3]: Entering directory '/home/pi/GitHub/yasdr/src/wsjtx-2.6.1/build/wsjtx-prefix/src/wsjtx-build/CMakeFiles/CMakeTmp'
/usr/bin/gmake  -f CMakeFiles/cmTC_55383.dir/build.make CMakeFiles/cmTC_55383.dir/build
gmake[4]: Entering directory '/home/pi/GitHub/yasdr/src/wsjtx-2.6.1/build/wsjtx-prefix/src/wsjtx-build/CMakeFiles/CMakeTmp'
Building C object CMakeFiles/cmTC_55383.dir/HAMLIB_OLD_CACHING.c.o
/usr/bin/cc    -o CMakeFiles/cmTC_55383.dir/HAMLIB_OLD_CACHING.c.o -c /home/pi/github/yasdr/src/wsjtx-2.6.1/build/wsjtx-prefix/src/wsjtx-build/CMakeFiles/CheckTypeSize/HAMLIB_OLD_CACHING.c
/home/pi/github/yasdr/src/wsjtx-2.6.1/build/wsjtx-prefix/src/wsjtx-build/CMakeFiles/CheckTypeSize/HAMLIB_OLD_CACHING.c:27:22: error: ‘CACHE_ALL’ undeclared here (not in a function)
   27 | #define SIZE (sizeof(CACHE_ALL))
      |                      ^~~~~~~~~
/home/pi/github/yasdr/src/wsjtx-2.6.1/build/wsjtx-prefix/src/wsjtx-build/CMakeFiles/CheckTypeSize/HAMLIB_OLD_CACHING.c:29:12: note: in expansion of macro ‘SIZE’
   29 |   ('0' + ((SIZE / 10000)%10)),
      |            ^~~~
gmake[4]: *** [CMakeFiles/cmTC_55383.dir/build.make:85: CMakeFiles/cmTC_55383.dir/HAMLIB_OLD_CACHING.c.o] Error 1
gmake[4]: Leaving directory '/home/pi/GitHub/yasdr/src/wsjtx-2.6.1/build/wsjtx-prefix/src/wsjtx-build/CMakeFiles/CMakeTmp'
gmake[3]: *** [Makefile:140: cmTC_55383/fast] Error 2
gmake[3]: Leaving directory '/home/pi/GitHub/yasdr/src/wsjtx-2.6.1/build/wsjtx-prefix/src/wsjtx-build/CMakeFiles/CMakeTmp'


/home/pi/github/yasdr/src/wsjtx-2.6.1/build/wsjtx-prefix/src/wsjtx-build/CMakeFiles/CheckTypeSize/HAMLIB_OLD_CACHING.c:
#include <sys/types.h>
#include <stdint.h>
#include <stddef.h>


#undef KEY
#if defined(__i386)
# define KEY '_','_','i','3','8','6'
#elif defined(__x86_64)
# define KEY '_','_','x','8','6','_','6','4'
#elif defined(__PPC64__)
# define KEY '_','_','P','P','C','6','4','_','_'
#elif defined(__ppc64__)
# define KEY '_','_','p','p','c','6','4','_','_'
#elif defined(__PPC__)
# define KEY '_','_','P','P','C','_','_'
#elif defined(__ppc__)
# define KEY '_','_','p','p','c','_','_'
#elif defined(__aarch64__)
# define KEY '_','_','a','a','r','c','h','6','4','_','_'
#elif defined(__ARM_ARCH_7A__)
# define KEY '_','_','A','R','M','_','A','R','C','H','_','7','A','_','_'
#elif defined(__ARM_ARCH_7S__)
# define KEY '_','_','A','R','M','_','A','R','C','H','_','7','S','_','_'
#endif

#define SIZE (sizeof(CACHE_ALL))
static char info_size[] =  {'I', 'N', 'F', 'O', ':', 's','i','z','e','[',
  ('0' + ((SIZE / 10000)%10)),
  ('0' + ((SIZE / 1000)%10)),
  ('0' + ((SIZE / 100)%10)),
  ('0' + ((SIZE / 10)%10)),
  ('0' +  (SIZE    % 10)),
  ']',
#ifdef KEY
  ' ','k','e','y','[', KEY, ']',
#endif
  '\0'};

#ifdef __CLASSIC_C__
int main(argc, argv) int argc; char *argv[];
#else
int main(int argc, char *argv[])
#endif
{
  int require = 0;
  require += info_size[argc];
  (void)argv;
  return require;
}


Determining if the rig_set_cache_timeout_ms exist failed with the following output:
Change Dir: /home/pi/github/yasdr/src/wsjtx-2.6.1/build/wsjtx-prefix/src/wsjtx-build/CMakeFiles/CMakeTmp

Run Build Command(s):/usr/bin/gmake cmTC_8a684/fast && gmake[3]: Entering directory '/home/pi/GitHub/yasdr/src/wsjtx-2.6.1/build/wsjtx-prefix/src/wsjtx-build/CMakeFiles/CMakeTmp'
/usr/bin/gmake  -f CMakeFiles/cmTC_8a684.dir/build.make CMakeFiles/cmTC_8a684.dir/build
gmake[4]: Entering directory '/home/pi/GitHub/yasdr/src/wsjtx-2.6.1/build/wsjtx-prefix/src/wsjtx-build/CMakeFiles/CMakeTmp'
Building C object CMakeFiles/cmTC_8a684.dir/CheckSymbolExists.c.o
/usr/bin/cc    -o CMakeFiles/cmTC_8a684.dir/CheckSymbolExists.c.o -c /home/pi/github/yasdr/src/wsjtx-2.6.1/build/wsjtx-prefix/src/wsjtx-build/CMakeFiles/CMakeTmp/CheckSymbolExists.c
/home/pi/github/yasdr/src/wsjtx-2.6.1/build/wsjtx-prefix/src/wsjtx-build/CMakeFiles/CMakeTmp/CheckSymbolExists.c:2:10: fatal error: hamlib/rig.h: No such file or directory
    2 | #include <hamlib/rig.h>
      |          ^~~~~~~~~~~~~~
compilation terminated.
gmake[4]: *** [CMakeFiles/cmTC_8a684.dir/build.make:85: CMakeFiles/cmTC_8a684.dir/CheckSymbolExists.c.o] Error 1
gmake[4]: Leaving directory '/home/pi/GitHub/yasdr/src/wsjtx-2.6.1/build/wsjtx-prefix/src/wsjtx-build/CMakeFiles/CMakeTmp'
gmake[3]: *** [Makefile:140: cmTC_8a684/fast] Error 2
gmake[3]: Leaving directory '/home/pi/GitHub/yasdr/src/wsjtx-2.6.1/build/wsjtx-prefix/src/wsjtx-build/CMakeFiles/CMakeTmp'


File /home/pi/github/yasdr/src/wsjtx-2.6.1/build/wsjtx-prefix/src/wsjtx-build/CMakeFiles/CMakeTmp/CheckSymbolExists.c:
/* */
#include <hamlib/rig.h>

int main(int argc, char** argv)
{
  (void)argv;
#ifndef rig_set_cache_timeout_ms
  return ((int*)(&rig_set_cache_timeout_ms))[argc];
#else
  (void)argc;
  return 0;
#endif
}
Performing C++ SOURCE FILE Test COMPILER_HAS_DEPRECATED_ATTR failed with the following output:
Change Dir: /home/pi/github/yasdr/src/wsjtx-2.6.1/build/wsjtx-prefix/src/wsjtx-build/CMakeFiles/CMakeTmp

Run Build Command(s):/usr/bin/gmake cmTC_2e0b1/fast && gmake[3]: Entering directory '/home/pi/GitHub/yasdr/src/wsjtx-2.6.1/build/wsjtx-prefix/src/wsjtx-build/CMakeFiles/CMakeTmp'
/usr/bin/gmake  -f CMakeFiles/cmTC_2e0b1.dir/build.make CMakeFiles/cmTC_2e0b1.dir/build
gmake[4]: Entering directory '/home/pi/GitHub/yasdr/src/wsjtx-2.6.1/build/wsjtx-prefix/src/wsjtx-build/CMakeFiles/CMakeTmp'
Building CXX object CMakeFiles/cmTC_2e0b1.dir/src.cxx.o
/usr/bin/c++   -Werror -Wall -Wextra -fexceptions -frtti -Wno-pragmas -fopenmp --std=gnu++11 -pthread -DCOMPILER_HAS_DEPRECATED_ATTR -O3 -DNDEBUG -fdata-sections -ffunction-sections -o CMakeFiles/cmTC_2e0b1.dir/src.cxx.o -c /home/pi/github/yasdr/src/wsjtx-2.6.1/build/wsjtx-prefix/src/wsjtx-build/CMakeFiles/CMakeTmp/src.cxx
/home/pi/github/yasdr/src/wsjtx-2.6.1/build/wsjtx-prefix/src/wsjtx-build/CMakeFiles/CMakeTmp/src.cxx: In function ‘int main()’:
/home/pi/github/yasdr/src/wsjtx-2.6.1/build/wsjtx-prefix/src/wsjtx-build/CMakeFiles/CMakeTmp/src.cxx:2:34: error: ‘int somefunc()’ is deprecated [-Werror=deprecated-declarations]
    2 |     int main() { return somefunc();}
      |                                  ^
/home/pi/github/yasdr/src/wsjtx-2.6.1/build/wsjtx-prefix/src/wsjtx-build/CMakeFiles/CMakeTmp/src.cxx:1:37: note: declared here
    1 | __attribute__((__deprecated__)) int somefunc() { return 0; }
      |                                     ^~~~~~~~
cc1plus: all warnings being treated as errors
gmake[4]: *** [CMakeFiles/cmTC_2e0b1.dir/build.make:85: CMakeFiles/cmTC_2e0b1.dir/src.cxx.o] Error 1
gmake[4]: Leaving directory '/home/pi/GitHub/yasdr/src/wsjtx-2.6.1/build/wsjtx-prefix/src/wsjtx-build/CMakeFiles/CMakeTmp'
gmake[3]: *** [Makefile:140: cmTC_2e0b1/fast] Error 2
gmake[3]: Leaving directory '/home/pi/GitHub/yasdr/src/wsjtx-2.6.1/build/wsjtx-prefix/src/wsjtx-build/CMakeFiles/CMakeTmp'


Source file was:
__attribute__((__deprecated__)) int somefunc() { return 0; }
    int main() { return somefunc();}
Performing C++ SOURCE FILE Test COMPILER_HAS_DEPRECATED failed with the following output:
Change Dir: /home/pi/github/yasdr/src/wsjtx-2.6.1/build/wsjtx-prefix/src/wsjtx-build/CMakeFiles/CMakeTmp

Run Build Command(s):/usr/bin/gmake cmTC_bf00e/fast && gmake[3]: Entering directory '/home/pi/GitHub/yasdr/src/wsjtx-2.6.1/build/wsjtx-prefix/src/wsjtx-build/CMakeFiles/CMakeTmp'
/usr/bin/gmake  -f CMakeFiles/cmTC_bf00e.dir/build.make CMakeFiles/cmTC_bf00e.dir/build
gmake[4]: Entering directory '/home/pi/GitHub/yasdr/src/wsjtx-2.6.1/build/wsjtx-prefix/src/wsjtx-build/CMakeFiles/CMakeTmp'
Building CXX object CMakeFiles/cmTC_bf00e.dir/src.cxx.o
/usr/bin/c++   -Werror -Wall -Wextra -fexceptions -frtti -Wno-pragmas -fopenmp --std=gnu++11 -pthread -DCOMPILER_HAS_DEPRECATED -O3 -DNDEBUG -fdata-sections -ffunction-sections -o CMakeFiles/cmTC_bf00e.dir/src.cxx.o -c /home/pi/github/yasdr/src/wsjtx-2.6.1/build/wsjtx-prefix/src/wsjtx-build/CMakeFiles/CMakeTmp/src.cxx
/home/pi/github/yasdr/src/wsjtx-2.6.1/build/wsjtx-prefix/src/wsjtx-build/CMakeFiles/CMakeTmp/src.cxx:1:11: error: expected constructor, destructor, or type conversion before ‘(’ token
    1 | __declspec(deprecated) int somefunc() { return 0; }
      |           ^
/home/pi/github/yasdr/src/wsjtx-2.6.1/build/wsjtx-prefix/src/wsjtx-build/CMakeFiles/CMakeTmp/src.cxx: In function ‘int main()’:
/home/pi/github/yasdr/src/wsjtx-2.6.1/build/wsjtx-prefix/src/wsjtx-build/CMakeFiles/CMakeTmp/src.cxx:2:25: error: ‘somefunc’ was not declared in this scope
    2 |     int main() { return somefunc();}
      |                         ^~~~~~~~
gmake[4]: *** [CMakeFiles/cmTC_bf00e.dir/build.make:85: CMakeFiles/cmTC_bf00e.dir/src.cxx.o] Error 1
gmake[4]: Leaving directory '/home/pi/GitHub/yasdr/src/wsjtx-2.6.1/build/wsjtx-prefix/src/wsjtx-build/CMakeFiles/CMakeTmp'
gmake[3]: *** [Makefile:140: cmTC_bf00e/fast] Error 2
gmake[3]: Leaving directory '/home/pi/GitHub/yasdr/src/wsjtx-2.6.1/build/wsjtx-prefix/src/wsjtx-build/CMakeFiles/CMakeTmp'


Source file was:
__declspec(deprecated) int somefunc() { return 0; }
    int main() { return somefunc();}
